2026-02-16 23:41:33,654 - core.config_manager - INFO - 配置加载成功: profiles\茶叶蛋.json
2026-02-16 23:41:39,349 - core.config_manager - INFO - 配置保存成功: profiles\1.json
2026-02-16 23:41:39,350 - core.config_manager - INFO - 配置保存成功: profiles\茶叶蛋.json
2026-02-16 23:41:39,363 - core.config_manager - INFO - 配置加载成功: profiles\1.json
2026-02-16 23:41:42,393 - core.config_manager - INFO - 配置保存成功: profiles\1_copy.json
2026-02-16 23:41:42,393 - core.config_manager - INFO - 配置加载成功: profiles\1.json
2026-02-16 23:41:42,394 - core.config_manager - INFO - 配置保存成功: profiles\1_copy.json
2026-02-16 23:41:42,395 - core.config_manager - INFO - 配置保存成功: profiles\1.json
2026-02-16 23:41:42,403 - core.config_manager - INFO - 配置加载成功: profiles\1_copy.json
2026-02-16 23:41:44,953 - core.config_manager - INFO - 配置保存成功: profiles\1_copy_copy.json
2026-02-16 23:41:44,953 - core.config_manager - INFO - 配置加载成功: profiles\1_copy.json
2026-02-16 23:41:44,953 - core.config_manager - INFO - 配置保存成功: profiles\1_copy_copy.json
2026-02-16 23:41:44,954 - core.config_manager - INFO - 配置保存成功: profiles\1_copy.json
2026-02-16 23:41:44,962 - core.config_manager - INFO - 配置加载成功: profiles\1_copy_copy.json
2026-02-16 23:41:47,017 - core.config_manager - INFO - 配置保存成功: profiles\1_copy_copy_copy.json
2026-02-16 23:41:47,018 - core.config_manager - INFO - 配置加载成功: profiles\1_copy_copy.json
2026-02-16 23:41:47,018 - core.config_manager - INFO - 配置保存成功: profiles\1_copy_copy_copy.json
2026-02-16 23:41:47,018 - core.config_manager - INFO - 配置保存成功: profiles\1_copy_copy.json
2026-02-16 23:41:47,028 - core.config_manager - INFO - 配置加载成功: profiles\1_copy_copy_copy.json
2026-02-16 23:41:49,449 - core.config_manager - INFO - 配置保存成功: profiles\1_copy_copy_copy_copy.json
2026-02-16 23:41:49,450 - core.config_manager - INFO - 配置加载成功: profiles\1_copy_copy_copy.json
2026-02-16 23:41:49,450 - core.config_manager - INFO - 配置保存成功: profiles\1_copy_copy_copy_copy.json
2026-02-16 23:41:49,450 - core.config_manager - INFO - 配置保存成功: profiles\1_copy_copy_copy.json
2026-02-16 23:41:49,459 - core.config_manager - INFO - 配置加载成功: profiles\1_copy_copy_copy_copy.json
2026-02-16 23:42:01,720 - core.config_manager - INFO - 配置保存成功: profiles\1_copy_copy_copy_copy.json
2026-02-16 23:42:01,729 - core.config_manager - INFO - 配置加载成功: profiles\茶叶蛋.json
2026-02-16 23:42:19,164 - core.config_manager - INFO - 配置保存成功: profiles\茶叶蛋.json
